[debug] [2020-03-01T10:50:34.863Z] ----------------------------------------------------------------------
[debug] [2020-03-01T10:50:34.866Z] Command:       /home/gitpod/.nvm/versions/node/v10.19.0/bin/node /home/gitpod/.nvm/versions/node/v10.19.0/bin/firebase login
[debug] [2020-03-01T10:50:34.866Z] CLI Version:   7.14.0
[debug] [2020-03-01T10:50:34.866Z] Platform:      linux
[debug] [2020-03-01T10:50:34.866Z] Node Version:  v10.19.0
[debug] [2020-03-01T10:50:34.866Z] Time:          Sun Mar 01 2020 10:50:34 GMT+0000 (Coordinated Universal Time)
[debug] [2020-03-01T10:50:34.867Z] ----------------------------------------------------------------------
[debug] [2020-03-01T10:50:34.867Z] 
[info] i  Firebase optionally collects CLI usage and error reporting information to help improve our products. Data is collected in accordance with Google's privacy policy (https://policies.google.com/privacy) and is not used to identify you.

[info] 
[info] Visit this URL on this device to log in:
[info] https://accounts.google.com/o/oauth2/auth?client_id=563584335869-fgrhgmd47bqnekij5i8b5pr03ho849e6.apps.googleusercontent.com&scope=email%20openid%20https%3A%2F%2Fwww.googleapis.com%2Fauth%2Fcloudplatformprojects.readonly%20https%3A%2F%2Fwww.googleapis.com%2Fauth%2Ffirebase%20https%3A%2F%2Fwww.googleapis.com%2Fauth%2Fcloud-platform&response_type=code&state=672536600&redirect_uri=http%3A%2F%2Flocalhost%3A9005
[info] 
[info] Waiting for authentication...
[debug] [2020-03-01T10:53:54.110Z] ----------------------------------------------------------------------
[debug] [2020-03-01T10:53:54.114Z] Command:       /home/gitpod/.nvm/versions/node/v10.19.0/bin/node /home/gitpod/.nvm/versions/node/v10.19.0/bin/firebase login
[debug] [2020-03-01T10:53:54.114Z] CLI Version:   7.14.0
[debug] [2020-03-01T10:53:54.114Z] Platform:      linux
[debug] [2020-03-01T10:53:54.114Z] Node Version:  v10.19.0
[debug] [2020-03-01T10:53:54.114Z] Time:          Sun Mar 01 2020 10:53:54 GMT+0000 (Coordinated Universal Time)
[debug] [2020-03-01T10:53:54.115Z] ----------------------------------------------------------------------
[debug] [2020-03-01T10:53:54.115Z] 
[info] i  Firebase optionally collects CLI usage and error reporting information to help improve our products. Data is collected in accordance with Google's privacy policy (https://policies.google.com/privacy) and is not used to identify you.

[info] 
[info] Visit this URL on this device to log in:
[info] https://accounts.google.com/o/oauth2/auth?client_id=563584335869-fgrhgmd47bqnekij5i8b5pr03ho849e6.apps.googleusercontent.com&scope=email%20openid%20https%3A%2F%2Fwww.googleapis.com%2Fauth%2Fcloudplatformprojects.readonly%20https%3A%2F%2Fwww.googleapis.com%2Fauth%2Ffirebase%20https%3A%2F%2Fwww.googleapis.com%2Fauth%2Fcloud-platform&response_type=code&state=832692041&redirect_uri=http%3A%2F%2Flocalhost%3A9005
[info] 
[info] Waiting for authentication...
[debug] [2020-03-01T10:54:42.802Z] ----------------------------------------------------------------------
[debug] [2020-03-01T10:54:42.805Z] Command:       /home/gitpod/.nvm/versions/node/v10.19.0/bin/node /home/gitpod/.nvm/versions/node/v10.19.0/bin/firebase login
[debug] [2020-03-01T10:54:42.805Z] CLI Version:   7.14.0
[debug] [2020-03-01T10:54:42.805Z] Platform:      linux
[debug] [2020-03-01T10:54:42.805Z] Node Version:  v10.19.0
[debug] [2020-03-01T10:54:42.805Z] Time:          Sun Mar 01 2020 10:54:42 GMT+0000 (Coordinated Universal Time)
[debug] [2020-03-01T10:54:42.805Z] ----------------------------------------------------------------------
[debug] [2020-03-01T10:54:42.806Z] 
[info] i  Firebase optionally collects CLI usage and error reporting information to help improve our products. Data is collected in accordance with Google's privacy policy (https://policies.google.com/privacy) and is not used to identify you.

[info] 
[info] Visit this URL on this device to log in:
[info] https://accounts.google.com/o/oauth2/auth?client_id=563584335869-fgrhgmd47bqnekij5i8b5pr03ho849e6.apps.googleusercontent.com&scope=email%20openid%20https%3A%2F%2Fwww.googleapis.com%2Fauth%2Fcloudplatformprojects.readonly%20https%3A%2F%2Fwww.googleapis.com%2Fauth%2Ffirebase%20https%3A%2F%2Fwww.googleapis.com%2Fauth%2Fcloud-platform&response_type=code&state=30164884&redirect_uri=http%3A%2F%2Flocalhost%3A9005
[info] 
[info] Waiting for authentication...
